2023-07-18 20:57:22.381568 Вызов функции flat_generator
Аргументы позиционные: ([[['a'], ['b', 'c']], ['d', 'e', [['f'], 'h'], False], [1, 2, None, [[[[['!']]]]], []]],)
Аргументы именованные: {}
Результат: <generator object flat_generator at 0x033BDA70>
2023-07-18 20:57:22.382568 Вызов функции flat_generator
Аргументы позиционные: ([['a'], ['b', 'c']],)
Аргументы именованные: {}
Результат: <generator object flat_generator at 0x033BDAE0>
2023-07-18 20:57:22.383568 Вызов функции flat_generator
Аргументы позиционные: (['a'],)
Аргументы именованные: {}
Результат: <generator object flat_generator at 0x033BDAA8>
2023-07-18 20:57:22.384568 Вызов функции flat_generator
Аргументы позиционные: (['b', 'c'],)
Аргументы именованные: {}
Результат: <generator object flat_generator at 0x033BDAA8>
2023-07-18 20:57:22.385568 Вызов функции flat_generator
Аргументы позиционные: (['d', 'e', [['f'], 'h'], False],)
Аргументы именованные: {}
Результат: <generator object flat_generator at 0x033BDAE0>
2023-07-18 20:57:22.386568 Вызов функции flat_generator
Аргументы позиционные: ([['f'], 'h'],)
Аргументы именованные: {}
Результат: <generator object flat_generator at 0x033BDAA8>
2023-07-18 20:57:22.386568 Вызов функции flat_generator
Аргументы позиционные: (['f'],)
Аргументы именованные: {}
Результат: <generator object flat_generator at 0x033BDB18>
2023-07-18 20:57:22.388568 Вызов функции flat_generator
Аргументы позиционные: ([1, 2, None, [[[[['!']]]]], []],)
Аргументы именованные: {}
Результат: <generator object flat_generator at 0x033BDAE0>
2023-07-18 20:57:22.389568 Вызов функции flat_generator
Аргументы позиционные: ([[[[['!']]]]],)
Аргументы именованные: {}
Результат: <generator object flat_generator at 0x033BDAA8>
2023-07-18 20:57:22.389568 Вызов функции flat_generator
Аргументы позиционные: ([[[['!']]]],)
Аргументы именованные: {}
Результат: <generator object flat_generator at 0x033BDB18>
2023-07-18 20:57:22.391568 Вызов функции flat_generator
Аргументы позиционные: ([[['!']]],)
Аргументы именованные: {}
Результат: <generator object flat_generator at 0x033BDB50>
2023-07-18 20:57:22.391568 Вызов функции flat_generator
Аргументы позиционные: ([['!']],)
Аргументы именованные: {}
Результат: <generator object flat_generator at 0x033BDB88>
2023-07-18 20:57:22.392568 Вызов функции flat_generator
Аргументы позиционные: (['!'],)
Аргументы именованные: {}
Результат: <generator object flat_generator at 0x033BDBC0>
2023-07-18 20:57:22.393568 Вызов функции flat_generator
Аргументы позиционные: ([],)
Аргументы именованные: {}
Результат: <generator object flat_generator at 0x033BDAA8>
2023-07-18 20:57:22.394568 Вызов функции flat_generator
Аргументы позиционные: ([[['a'], ['b', 'c']], ['d', 'e', [['f'], 'h'], False], [1, 2, None, [[[[['!']]]]], []]],)
Аргументы именованные: {}
Результат: <generator object flat_generator at 0x033BDAE0>
2023-07-18 20:57:22.395569 Вызов функции flat_generator
Аргументы позиционные: ([['a'], ['b', 'c']],)
Аргументы именованные: {}
Результат: <generator object flat_generator at 0x033BDAA8>
2023-07-18 20:57:22.397569 Вызов функции flat_generator
Аргументы позиционные: (['a'],)
Аргументы именованные: {}
Результат: <generator object flat_generator at 0x033BDA70>
2023-07-18 20:57:22.398569 Вызов функции flat_generator
Аргументы позиционные: (['b', 'c'],)
Аргументы именованные: {}
Результат: <generator object flat_generator at 0x033BDA70>
2023-07-18 20:57:22.399569 Вызов функции flat_generator
Аргументы позиционные: (['d', 'e', [['f'], 'h'], False],)
Аргументы именованные: {}
Результат: <generator object flat_generator at 0x033BDAA8>
2023-07-18 20:57:22.400569 Вызов функции flat_generator
Аргументы позиционные: ([['f'], 'h'],)
Аргументы именованные: {}
Результат: <generator object flat_generator at 0x033BDA70>
2023-07-18 20:57:22.401569 Вызов функции flat_generator
Аргументы позиционные: (['f'],)
Аргументы именованные: {}
Результат: <generator object flat_generator at 0x033BDB18>
2023-07-18 20:57:22.402569 Вызов функции flat_generator
Аргументы позиционные: ([1, 2, None, [[[[['!']]]]], []],)
Аргументы именованные: {}
Результат: <generator object flat_generator at 0x033BDAA8>
2023-07-18 20:57:22.403569 Вызов функции flat_generator
Аргументы позиционные: ([[[[['!']]]]],)
Аргументы именованные: {}
Результат: <generator object flat_generator at 0x033BDA70>
2023-07-18 20:57:22.405569 Вызов функции flat_generator
Аргументы позиционные: ([[[['!']]]],)
Аргументы именованные: {}
Результат: <generator object flat_generator at 0x033BDB18>
2023-07-18 20:57:22.405569 Вызов функции flat_generator
Аргументы позиционные: ([[['!']]],)
Аргументы именованные: {}
Результат: <generator object flat_generator at 0x033BDB50>
2023-07-18 20:57:22.406569 Вызов функции flat_generator
Аргументы позиционные: ([['!']],)
Аргументы именованные: {}
Результат: <generator object flat_generator at 0x033BDB88>
2023-07-18 20:57:22.407569 Вызов функции flat_generator
Аргументы позиционные: (['!'],)
Аргументы именованные: {}
Результат: <generator object flat_generator at 0x033BDBC0>
2023-07-18 20:57:22.408569 Вызов функции flat_generator
Аргументы позиционные: ([],)
Аргументы именованные: {}
Результат: <generator object flat_generator at 0x033BDA70>
2023-07-18 20:57:22.408569 Вызов функции flat_generator
Аргументы позиционные: ([[['a'], ['b', 'c']], ['d', 'e', [['f'], 'h'], False], [1, 2, None, [[[[['!']]]]], []]],)
Аргументы именованные: {}
Результат: <generator object flat_generator at 0x033BDAA8>
